<?xml version="1.0" encoding="UTF-8"?>
<testng-results ignored="0" total="1" passed="1" failed="0" skipped="0">
  <reporter-output>
  </reporter-output>
  <suite started-at="2023-12-13T15:55:02 IST" name="Default suite" finished-at="2023-12-13T15:55:40 IST" duration-ms="37721">
    <groups>
    </groups>
    <test started-at="2023-12-13T15:55:02 IST" name="Default test" finished-at="2023-12-13T15:55:40 IST" duration-ms="37721">
      <class name="AquaDNATests.HomePageTests">
        <test-method signature="HomePageCountTest()[pri:0, instance:AquaDNATests.HomePageTests@11392934]" started-at="2023-12-13T15:55:02 IST" name="HomePageCountTest" finished-at="2023-12-13T15:55:39 IST" duration-ms="36366" status="PASS">
          <reporter-output>
          </reporter-output>
        </test-method> <!-- HomePageCountTest -->
        <test-method is-config="true" signature="CloseTestSite()[pri:0, instance:AquaDNATests.HomePageTests@11392934]" started-at="2023-12-13T15:55:39 IST" name="CloseTestSite" finished-at="2023-12-13T15:55:40 IST" duration-ms="1276" status="PASS">
          <reporter-output>
          </reporter-output>
        </test-method> <!-- CloseTestSite -->
      </class> <!-- AquaDNATests.HomePageTests -->
    </test> <!-- Default test -->
  </suite> <!-- Default suite -->
</testng-results>
